<?xml version="1.0" encoding="UTF-8"?>
<!-- Generated by org.testng.reporters.JUnitReportReporter -->
<testsuite skipped="0" hostname="DESKTOP-22JHJMP" name="BookMyShow.Show.Book_Test" tests="1" failures="0" timestamp="04 Jan 2021 11:35:28 GMT" time="25.712" errors="0">
  <testcase name="test" time="25.712" classname="BookMyShow.Show.Book_Test"/>
</testsuite> <!-- BookMyShow.Show.Book_Test -->
