<?xml version="1.0" encoding="UTF-8"?>
<!-- Generated by org.testng.reporters.JUnitReportReporter -->
<testsuite skipped="0" hostname="DESKTOP-22JHJMP" name="BookMyShow.Show.Book_Test" tests="1" failures="0" timestamp="06 Jan 2021 12:08:25 GMT" time="35.623" errors="0">
  <testcase name="test" time="35.623" classname="BookMyShow.Show.Book_Test"/>
</testsuite> <!-- BookMyShow.Show.Book_Test -->
